<?xml version="1.0" encoding="utf-8"?><testsuites><testsuite name="pytest" errors="0" failures="0" skipped="0" tests="3" time="76.874" timestamp="2025-03-19T19:37:13.020602+05:30" hostname="DESKTOP-DL1JSBI"><testcase classname="testCases.Account Registration Test Cases.test_001_Accountregistrationpage.Test_001_AccountReg" name="test_account_reg" time="30.323" /><testcase classname="testCases.Account Registration Test Cases.test_003_registration_succ_with_continue.Test_reg_succ_continue" name="test_reg" time="28.204" /><testcase classname="testCases.Login  Test Cases.test_002_Login.Test_002_login" name="test_login" time="17.990" /></testsuite></testsuites>